<?xml version="1.0" encoding="UTF-8"?>
<testng-results ignored="0" total="2" passed="2" failed="0" skipped="0">
  <reporter-output>
  </reporter-output>
  <suite started-at="2022-01-24T17:46:29 IST" name="TestClass" finished-at="2022-01-24T17:46:29 IST" duration-ms="37">
    <groups>
    </groups>
    <test started-at="2022-01-24T17:46:29 IST" name="Command line test" finished-at="2022-01-24T17:46:29 IST" duration-ms="37">
      <class name="TestClass">
        <test-method signature="test1()[pri:0, instance:TestClass@631330c]" started-at="2022-01-24T17:46:29 IST" name="test1" finished-at="2022-01-24T17:46:29 IST" duration-ms="4" status="PASS">
          <reporter-output>
          </reporter-output>
        </test-method> <!-- test1 -->
        <test-method signature="test2()[pri:0, instance:TestClass@631330c]" started-at="2022-01-24T17:46:29 IST" name="test2" finished-at="2022-01-24T17:46:29 IST" duration-ms="0" status="PASS">
          <reporter-output>
          </reporter-output>
        </test-method> <!-- test2 -->
      </class> <!-- TestClass -->
    </test> <!-- Command line test -->
  </suite> <!-- TestClass -->
</testng-results>
